# JRE version: Java(TM) SE Runtime Environment 18.9 (11.0.18+9) (build 11.0.18+9-LTS-195)
# Java VM: Java HotSpot(TM) 64-Bit Server VM 18.9 (11.0.18+9-LTS-195, mixed mode, tiered, compressed oops, g1 gc, windows-amd64)
Heap:
 garbage-first heap   total 65536K, used 32766K [0x00000000c1a00000, 0x0000000100000000)
  region size 1024K, 19 young (19456K), 2 survivors (2048K)
 Metaspace       used 27256K, capacity 28020K, committed 28208K, reserved 1075200K
  class space    used 3119K, capacity 3429K, committed 3456K, reserved 1048576K
GC Heap History (10 events):
Event: 1.241 GC heap before
{Heap before GC invocations=0 (full 0):
 garbage-first heap   total 65536K, used 13312K [0x00000000c1a00000, 0x0000000100000000)
  region size 1024K, 14 young (14336K), 0 survivors (0K)
 Metaspace       used 10109K, capacity 10353K, committed 10624K, reserved 1058816K
  class space    used 992K, capacity 1073K, committed 1152K, reserved 1048576K
}
Event: 1.254 GC heap after
{Heap after GC invocations=1 (full 0):
 garbage-first heap   total 65536K, used 6105K [0x00000000c1a00000, 0x0000000100000000)
  region size 1024K, 2 young (2048K), 2 survivors (2048K)
 Metaspace       used 10109K, capacity 10353K, committed 10624K, reserved 1058816K
  class space    used 992K, capacity 1073K, committed 1152K, reserved 1048576K
}
Event: 1.785 GC heap before
{Heap before GC invocations=1 (full 0):
 garbage-first heap   total 65536K, used 13273K [0x00000000c1a00000, 0x0000000100000000)
  region size 1024K, 9 young (9216K), 2 survivors (2048K)
 Metaspace       used 13407K, capacity 13696K, committed 13824K, reserved 1060864K
  class space    used 1331K, capacity 1442K, committed 1536K, reserved 1048576K
}
Event: 1.793 GC heap after
{Heap after GC invocations=2 (full 0):
 garbage-first heap   total 65536K, used 7687K [0x00000000c1a00000, 0x0000000100000000)
  region size 1024K, 2 young (2048K), 2 survivors (2048K)
 Metaspace       used 13407K, capacity 13696K, committed 13824K, reserved 1060864K
  class space    used 1331K, capacity 1442K, committed 1536K, reserved 1048576K
}
Event: 5.037 GC heap before
{Heap before GC invocations=2 (full 0):
 garbage-first heap   total 65536K, used 28167K [0x00000000c1a00000, 0x0000000100000000)
  region size 1024K, 22 young (22528K), 2 survivors (2048K)
 Metaspace       used 19472K, capacity 20003K, committed 20224K, reserved 1067008K
  class space    used 2066K, capacity 2261K, committed 2304K, reserved 1048576K
}
Event: 5.048 GC heap after
{Heap after GC invocations=3 (full 0):
 garbage-first heap   total 65536K, used 9518K [0x00000000c1a00000, 0x0000000100000000)
  region size 1024K, 3 young (3072K), 3 survivors (3072K)
 Metaspace       used 19472K, capacity 20003K, committed 20224K, reserved 1067008K
  class space    used 2066K, capacity 2261K, committed 2304K, reserved 1048576K
}
Event: 5.237 GC heap before
{Heap before GC invocations=3 (full 0):
 garbage-first heap   total 65536K, used 14638K [0x00000000c1a00000, 0x0000000100000000)
  region size 1024K, 9 young (9216K), 3 survivors (3072K)
 Metaspace       used 20684K, capacity 21162K, committed 21296K, reserved 1069056K
  class space    used 2199K, capacity 2390K, committed 2432K, reserved 1048576K
}
Event: 5.248 GC heap after
{Heap after GC invocations=4 (full 0):
 garbage-first heap   total 65536K, used 10479K [0x00000000c1a00000, 0x0000000100000000)
  region size 1024K, 3 young (3072K), 3 survivors (3072K)
 Metaspace       used 20684K, capacity 21162K, committed 21296K, reserved 1069056K
  class space    used 2199K, capacity 2390K, committed 2432K, reserved 1048576K
}
Event: 6.184 GC heap before
{Heap before GC invocations=5 (full 0):
 garbage-first heap   total 65536K, used 29935K [0x00000000c1a00000, 0x0000000100000000)
  region size 1024K, 22 young (22528K), 3 survivors (3072K)
 Metaspace       used 24502K, capacity 25097K, committed 25264K, reserved 1071104K
  class space    used 2712K, capacity 2964K, committed 3072K, reserved 1048576K
}
Event: 6.193 GC heap after
{Heap after GC invocations=6 (full 0):
 garbage-first heap   total 65536K, used 11262K [0x00000000c1a00000, 0x0000000100000000)
  region size 1024K, 2 young (2048K), 2 survivors (2048K)
 Metaspace       used 24502K, capacity 25097K, committed 25264K, reserved 1071104K
  class space    used 2712K, capacity 2964K, committed 3072K, reserved 1048576K
}

